 
----- Delete the target hdfs dir -----
> hdfs dfs -rm -R /data/wordcount/output
18/02/25 11:42:51 INFO fs.TrashPolicyDefault: Moved: 'hdfs://sandbox-hdp.hortonworks.com:8020/data/wordcount/output' to trash at: hdfs://sandbox-hdp.hortonworks.com:8020/user/azhang/.Trash/Current/data/wordcount/output
 
----- Launching Hadoop Job ---- 
 
  - Ignore the warning: 'WARN hdfs.DFSClient: Caught exception'
    Its a Hadoop bug described at: https://issues.apache.org/jira/browse/HDFS-10429
  
Now is t1: 1519558971
> hadoop jar ./target/mycompany.app-1.0.0-fat.jar com.mycompany.app.Driver  /data/wordcount/input  /data/wordcount/output
18/02/25 11:42:53 INFO app.Driver: Hadoop job Plain Wordcount Job
18/02/25 11:42:53 INFO app.Driver:  Jar file       : [/home/azhang/workspace_mapR/my-app/./target/mycompany.app-1.0.0-fat.jar]
18/02/25 11:42:53 INFO app.Driver:  Job parameters : [/data/wordcount/input, /data/wordcount/output]
18/02/25 11:42:53 INFO app.Driver: Mapper
18/02/25 11:42:53 INFO app.Driver:   - mapper class : class com.mycompany.app.WordcountMapper
18/02/25 11:42:53 INFO app.Driver:   - output key class   : class org.apache.hadoop.io.Text
18/02/25 11:42:53 INFO app.Driver:   - output value class : class org.apache.hadoop.io.IntWritable
18/02/25 11:42:53 INFO app.Driver: Reducer
18/02/25 11:42:53 INFO app.Driver:   - reducer class  : class com.mycompany.app.WordcountReducer
18/02/25 11:42:53 INFO app.Driver: Combiner
18/02/25 11:42:53 INFO app.Driver:   - No combiner set
18/02/25 11:42:53 INFO app.Driver: Input format class  : class org.apache.hadoop.mapreduce.lib.input.TextInputFormat
18/02/25 11:42:53 INFO app.Driver: Output
18/02/25 11:42:53 INFO app.Driver:   - format class : class org.apache.hadoop.mapreduce.lib.output.TextOutputFormat
18/02/25 11:42:53 INFO app.Driver:   - key class    : class org.apache.hadoop.io.Text
18/02/25 11:42:53 INFO app.Driver:   - value class  : class org.apache.hadoop.io.IntWritable
18/02/25 11:42:53 INFO app.Driver: HDFS locations
18/02/25 11:42:53 INFO app.Driver:   - Input  : /data/wordcount/input
18/02/25 11:42:53 INFO app.Driver:   - Output : /data/wordcount/output
18/02/25 11:42:53 INFO client.RMProxy: Connecting to ResourceManager at sandbox-hdp.hortonworks.com/172.17.0.2:8032
18/02/25 11:42:53 INFO client.AHSProxy: Connecting to Application History server at sandbox-hdp.hortonworks.com/172.17.0.2:10200
18/02/25 11:42:53 WARN mapreduce.JobResourceUploader: Hadoop command-line option parsing not performed. Implement the Tool interface and execute your application with ToolRunner to remedy this.
18/02/25 11:42:54 INFO input.FileInputFormat: Total input paths to process : 3
18/02/25 11:42:54 INFO mapreduce.JobSubmitter: number of splits:3
18/02/25 11:42:55 INFO mapreduce.JobSubmitter: Submitting tokens for job: job_1519542449846_0002
18/02/25 11:42:55 INFO impl.YarnClientImpl: Submitted application application_1519542449846_0002
18/02/25 11:42:55 INFO mapreduce.Job: The url to track the job: http://sandbox-hdp.hortonworks.com:8088/proxy/application_1519542449846_0002/
18/02/25 11:42:55 INFO mapreduce.Job: Running job: job_1519542449846_0002
18/02/25 11:43:05 INFO mapreduce.Job: Job job_1519542449846_0002 running in uber mode : false
18/02/25 11:43:05 INFO mapreduce.Job:  map 0% reduce 0%
18/02/25 11:43:19 INFO mapreduce.Job:  map 100% reduce 0%
18/02/25 11:43:40 INFO mapreduce.Job:  map 100% reduce 100%
18/02/25 11:43:41 INFO mapreduce.Job: Job job_1519542449846_0002 completed successfully
18/02/25 11:43:42 INFO mapreduce.Job: Counters: 49
	File System Counters
		FILE: Number of bytes read=791
		FILE: Number of bytes written=613563
		FILE: Number of read operations=0
		FILE: Number of large read operations=0
		FILE: Number of write operations=0
		HDFS: Number of bytes read=799
		HDFS: Number of bytes written=388
		HDFS: Number of read operations=12
		HDFS: Number of large read operations=0
		HDFS: Number of write operations=2
	Job Counters 
		Launched map tasks=3
		Launched reduce tasks=1
		Data-local map tasks=3
		Total time spent by all maps in occupied slots (ms)=36301
		Total time spent by all reduces in occupied slots (ms)=18057
		Total time spent by all map tasks (ms)=36301
		Total time spent by all reduce tasks (ms)=18057
		Total vcore-milliseconds taken by all map tasks=36301
		Total vcore-milliseconds taken by all reduce tasks=18057
		Total megabyte-milliseconds taken by all map tasks=9075250
		Total megabyte-milliseconds taken by all reduce tasks=4514250
	Map-Reduce Framework
		Map input records=15
		Map output records=69
		Map output bytes=647
		Map output materialized bytes=803
		Input split bytes=423
		Combine input records=0
		Combine output records=0
		Reduce input groups=52
		Reduce shuffle bytes=803
		Reduce input records=69
		Reduce output records=52
		Spilled Records=138
		Shuffled Maps =3
		Failed Shuffles=0
		Merged Map outputs=3
		GC time elapsed (ms)=1480
		CPU time spent (ms)=3350
		Physical memory (bytes) snapshot=705572864
		Virtual memory (bytes) snapshot=8522539008
		Total committed heap usage (bytes)=373817344
	Shuffle Errors
		BAD_ID=0
		CONNECTION=0
		IO_ERROR=0
		WRONG_LENGTH=0
		WRONG_MAP=0
		WRONG_REDUCE=0
	File Input Format Counters 
		Bytes Read=376
	File Output Format Counters 
		Bytes Written=388
 
----- List output in HDFS ----
 
> hdfs dfs -ls /data/wordcount/output/
Found 2 items
-rw-r--r--   1 azhang hdfs          0 2018-02-25 11:43 /data/wordcount/output/_SUCCESS
-rw-r--r--   1 azhang hdfs        388 2018-02-25 11:43 /data/wordcount/output/part-r-00000
 
----- Pull the results out cluster ----
 
> hdfs dfs -getmerge /data/wordcount/output /tmp/job_results.txt
 
----- List the local file ----
 
> cat /tmp/job_results.txt
A	2
An	2
And	1
Are	1
Because	1
But	1
HDFS	1
Hadoop	3
He	2
Hive	1
Impala	1
Or	1
Sqoop	1
The	1
Useful	1
an	1
and	3
anything	1
bad	1
cling	1
data	1
does	1
elegant	2
element	1
elephant	3
extraneous	1
fellow	1
forgets	1
gentle	1
gets	1
group	1
he	1
helps	1
him	1
in	1
is	4
king	2
lets	1
mad	1
mellow	1
never	2
or	1
plays	1
the	2
thing	1
thrive	1
to	1
well	1
what	1
with	1
wonderful	1
yellow	2
wait to check time spent..
